01-07-2024 13:24:09 - __main__ - INFO - Nach Smiles filtern
01-07-2024 13:24:16 - __main__ - INFO - Nach Masse filtern
01-07-2024 13:36:05 - __main__ - INFO - Nach Masse filtern
01-07-2024 13:38:06 - __main__ - INFO - Neu hinzugefuegte und geaenderte Substanzen laden
01-07-2024 13:38:20 - __main__ - INFO - Neu hinzugefuegte Substanzen laden
01-07-2024 13:41:04 - __main__ - INFO - Alle Substanzen neu laden
01-07-2024 13:45:43 - __main__ - INFO - Neu hinzugefuegte Substanzen laden
01-07-2024 13:59:29 - __main__ - INFO - Neu hinzugefuegte Substanzen laden
01-07-2024 13:59:46 - __main__ - INFO - Alle Substanzen neu laden
01-07- 2024 14:18:12 - __main__ - INFO - Neu hinzugefuegte Substanzen laden
01-07-2024 14:27:39 - __main__ - INFO - Nach Smiles filtern
01-07-2024 14:28:03 - __main__ - INFO - Nach Formel filtern
01-07-2024 14:28:11 - __main__ - INFO - Nach Masse filtern
01-07-2024 14:28:31 - __main__ - INFO - Neu hinzugefuegte Substanzen laden
01-07-2024 14:28:40 - __main__ - INFO - Datei gespeichert
01-07-2024 14:29:17 - __main__ - INFO - Neu hinzugefuegte Substanzen laden
01-07-2024 14:29:25 - __main__ - INFO - Datei gespeichert
01-07-2024 23:24:24 - __main__ - INFO - Nach Smiles filtern
01-07-2024 23:25:26 - __main__ - INFO - Neu hinzugefuegte und geaenderte Substanzen laden
01-07-2024 23:25:47 - __main__ - INFO - Datei gespeichert
01-07-2024 23:25:47 - __main__ - INFO - new_substances.json gelöscht
01-07-2024 23:30:43 - __main__ - INFO - Nach Masse filtern
01-07-2024 23:44:29 - __main__ - INFO - Nach Masse filtern
01-07-2024 23:44:51 - __main__ - INFO - Nach Masse filtern
01-07-2024 23:46:19 - __main__ - INFO - Nach Masse filtern
01-07-2024 23:46:31 - __main__ - INFO - Nach Masse filtern
01-07-2024 23:47:02 - __main__ - INFO - Nach Masse filtern
01-07-2024 23:49:42 - __main__ - INFO - Nach Masse filtern
01-07-2024 23:50:07 - __main__ - INFO - Nach Masse filtern
01-07-2024 23:50:53 - __main__ - INFO - Nach Masse filtern
01-07-2024 23:51:14 - __main__ - INFO - Nach Masse filtern
01-07-2024 23:52:48 - __main__ - INFO - Nach Masse filtern
01-07-2024 23:53:06 - __main__ - INFO - Nach Masse filtern
01-07-2024 23:53:25 - __main__ - INFO - Nach Masse filtern
02-07-2024 07:57:24 - __main__ - INFO - Nach Masse filtern
02-07-2024 07:57:43 - __main__ - INFO - Nach Masse filtern
02-07-2024 07:59:20 - __main__ - INFO - Nach Masse filtern
02-07-2024 08:01:07 - __main__ - INFO - Nach Masse filtern
02-07-2024 08:02:39 - __main__ - INFO - Nach Masse filtern
02-07-2024 08:04:07 - __main__ - INFO - Nach Masse filtern
02-07-2024 08:11:30 - __main__ - INFO - Nach Masse filtern
02-07-2024 08:11:41 - __main__ - INFO - Nach Masse filtern
02-07-2024 08:12:01 - __main__ - INFO - Nach Masse filtern
02-07-2024 09:35:15 - __main__ - INFO - Nach Masse filtern
02-07-2024 09:37:34 - __main__ - INFO - Nach Smiles filtern
02-07-2024 09:37:37 - __main__ - INFO - Nach Formel filtern
02-07-2024 09:37:57 - __main__ - INFO - Nach Smiles filtern
02-07-2024 10:11:53 - __main__ - INFO - Nach Masse filtern
02-07-2024 10:12:23 - __main__ - INFO - Nach Masse filtern
02-07-2024 10:41:40 - __main__ - INFO - Nach Smiles filtern
02-07-2024 10:42:17 - __main__ - INFO - Nach Smiles filtern
02-07-2024 10:44:18 - __main__ - INFO - Nach Smiles filtern
02-07-2024 10:44:57 - __main__ - INFO - Nach Smiles filtern
02-07-2024 10:45:18 - __main__ - INFO - Nach Smiles filtern
02-07-2024 10:45:28 - __main__ - INFO - Nach Masse filtern
02-07-2024 10:47:17 - __main__ - INFO - Nach Masse filtern
02-07-2024 10:47:29 - __main__ - INFO - Nach Masse filtern
02-07-2024 10:47:53 - __main__ - INFO - Nach Masse filtern
