30-06-2024 23:03:43 - main - INFO - Scraping started
30-06-2024 23:03:45 - main - INFO - Element 1 scraped.
30-06-2024 23:03:45 - main - INFO - Element 2 scraped.
30-06-2024 23:03:45 - main - INFO - Element 3 scraped.
30-06-2024 23:03:45 - main - INFO - Element 4 scraped.
30-06-2024 23:03:45 - main - INFO - Element 5 scraped.
30-06-2024 23:03:45 - main - INFO - Element 6 scraped.
30-06-2024 23:03:46 - main - INFO - Element 7 scraped.
30-06-2024 23:03:46 - main - INFO - Element 8 scraped.
30-06-2024 23:03:46 - main - INFO - Element 9 scraped.
30-06-2024 23:03:46 - main - INFO - Element 10 scraped.
30-06-2024 23:03:46 - main - INFO - Element 11 scraped.
30-06-2024 23:03:46 - main - INFO - Element 12 scraped.
30-06-2024 23:03:46 - main - INFO - Element 13 scraped.
30-06-2024 23:03:46 - main - INFO - Element 14 scraped.
30-06-2024 23:03:47 - main - INFO - Element 15 scraped.
30-06-2024 23:03:47 - main - INFO - Saving substances to Tim_Jonas_Policija.json
30-06-2024 23:03:47 - main - INFO - Scraping finished
30-06-2024 23:09:09 - main - INFO - Scraping started
30-06-2024 23:09:10 - main - INFO - Element 1 scraped.
30-06-2024 23:09:10 - main - INFO - Element 2 scraped.
30-06-2024 23:09:11 - main - INFO - Element 3 scraped.
30-06-2024 23:09:11 - main - INFO - Element 4 scraped.
30-06-2024 23:09:11 - main - INFO - Element 5 scraped.
30-06-2024 23:09:11 - main - INFO - Element 6 scraped.
30-06-2024 23:09:11 - main - INFO - Element 7 scraped.
30-06-2024 23:09:11 - main - INFO - Element 8 scraped.
30-06-2024 23:09:11 - main - INFO - Element 9 scraped.
30-06-2024 23:09:11 - main - INFO - Element 10 scraped.
30-06-2024 23:09:12 - main - INFO - Element 11 scraped.
30-06-2024 23:09:12 - main - INFO - Element 12 scraped.
30-06-2024 23:09:12 - main - INFO - Element 13 scraped.
30-06-2024 23:09:12 - main - INFO - Element 14 scraped.
30-06-2024 23:09:12 - main - INFO - Element 15 scraped.
30-06-2024 23:09:12 - main - INFO - Saving substances to new_substances.json
30-06-2024 23:09:12 - main - INFO - Scraping finished
30-06-2024 23:10:12 - main - INFO - Scraping started
30-06-2024 23:10:14 - main - INFO - Element 1 scraped.
30-06-2024 23:10:14 - main - INFO - Element 2 scraped.
30-06-2024 23:10:14 - main - INFO - Element 3 scraped.
30-06-2024 23:10:14 - main - INFO - Element 4 scraped.
30-06-2024 23:10:14 - main - INFO - Element 5 scraped.
30-06-2024 23:10:15 - main - INFO - Element 6 scraped.
30-06-2024 23:10:15 - main - INFO - Element 7 scraped.
30-06-2024 23:10:15 - main - INFO - Element 8 scraped.
30-06-2024 23:10:15 - main - INFO - Element 9 scraped.
30-06-2024 23:10:15 - main - INFO - Element 10 scraped.
30-06-2024 23:10:15 - main - INFO - Element 11 scraped.
30-06-2024 23:10:15 - main - INFO - Element 12 scraped.
30-06-2024 23:10:15 - main - INFO - Element 13 scraped.
30-06-2024 23:10:15 - main - INFO - Element 14 scraped.
30-06-2024 23:10:16 - main - INFO - Element 15 scraped.
30-06-2024 23:10:16 - main - INFO - Saving substances to new_substances.json
30-06-2024 23:10:16 - main - INFO - Scraping finished
30-06-2024 23:10:25 - main - INFO - Scraping started
30-06-2024 23:10:27 - main - INFO - Element 1 scraped.
30-06-2024 23:10:27 - main - INFO - Element 2 scraped.
30-06-2024 23:10:27 - main - INFO - Element 3 scraped.
30-06-2024 23:10:27 - main - INFO - Element 4 scraped.
30-06-2024 23:10:27 - main - INFO - Element 5 scraped.
30-06-2024 23:10:27 - main - INFO - Element 6 scraped.
30-06-2024 23:10:28 - main - INFO - Element 7 scraped.
30-06-2024 23:10:28 - main - INFO - Element 8 scraped.
30-06-2024 23:10:28 - main - INFO - Element 9 scraped.
30-06-2024 23:10:28 - main - INFO - Element 10 scraped.
30-06-2024 23:10:28 - main - INFO - Element 11 scraped.
30-06-2024 23:10:28 - main - INFO - Element 12 scraped.
30-06-2024 23:10:28 - main - INFO - Element 13 scraped.
30-06-2024 23:10:28 - main - INFO - Element 14 scraped.
30-06-2024 23:10:29 - main - INFO - Element 15 scraped.
30-06-2024 23:10:29 - main - INFO - Saving substances to new_substances.json
30-06-2024 23:10:29 - main - INFO - Scraping finished
30-06-2024 23:15:13 - main - INFO - Scraping started
30-06-2024 23:15:15 - main - INFO - Element 1 scraped.
30-06-2024 23:15:15 - main - INFO - Element 2 scraped.
30-06-2024 23:15:15 - main - INFO - Element 3 scraped.
30-06-2024 23:15:15 - main - INFO - Element 4 scraped.
30-06-2024 23:15:15 - main - INFO - Element 5 scraped.
30-06-2024 23:15:15 - main - INFO - Element 6 scraped.
30-06-2024 23:15:15 - main - INFO - Element 7 scraped.
30-06-2024 23:15:16 - main - INFO - Element 8 scraped.
30-06-2024 23:15:16 - main - INFO - Element 9 scraped.
30-06-2024 23:15:16 - main - INFO - Element 10 scraped.
30-06-2024 23:15:16 - main - INFO - Element 11 scraped.
30-06-2024 23:15:16 - main - INFO - Element 12 scraped.
30-06-2024 23:15:16 - main - INFO - Element 13 scraped.
30-06-2024 23:15:16 - main - INFO - Element 14 scraped.
30-06-2024 23:15:16 - main - INFO - Element 15 scraped.
30-06-2024 23:15:17 - main - INFO - Saving substances to new_substances.json
30-06-2024 23:15:17 - main - INFO - Scraping finished
30-06-2024 23:17:49 - main - INFO - Scraping started
30-06-2024 23:17:51 - main - INFO - Element 1 scraped.
30-06-2024 23:17:51 - main - INFO - Element 2 scraped.
30-06-2024 23:17:51 - main - INFO - Element 3 scraped.
30-06-2024 23:17:51 - main - INFO - Element 4 scraped.
30-06-2024 23:17:51 - main - INFO - Element 5 scraped.
30-06-2024 23:17:51 - main - INFO - Element 6 scraped.
30-06-2024 23:17:51 - main - INFO - Element 7 scraped.
30-06-2024 23:17:51 - main - INFO - Element 8 scraped.
30-06-2024 23:17:51 - main - INFO - Element 9 scraped.
30-06-2024 23:17:52 - main - INFO - Element 10 scraped.
30-06-2024 23:17:52 - main - INFO - Element 11 scraped.
30-06-2024 23:17:52 - main - INFO - Element 12 scraped.
30-06-2024 23:17:52 - main - INFO - Element 13 scraped.
30-06-2024 23:17:52 - main - INFO - Element 14 scraped.
30-06-2024 23:17:52 - main - INFO - Element 15 scraped.
30-06-2024 23:17:52 - main - INFO - Saving substances to new_substances.json
30-06-2024 23:17:52 - main - INFO - Scraping finished
30-06-2024 23:18:14 - main - INFO - Scraping started
30-06-2024 23:18:15 - main - INFO - Element 1 scraped.
30-06-2024 23:18:15 - main - INFO - Element 2 scraped.
30-06-2024 23:18:15 - main - INFO - Element 3 scraped.
30-06-2024 23:18:16 - main - INFO - Element 4 scraped.
30-06-2024 23:18:16 - main - INFO - Element 5 scraped.
30-06-2024 23:18:16 - main - INFO - Element 6 scraped.
30-06-2024 23:18:16 - main - INFO - Element 7 scraped.
30-06-2024 23:18:16 - main - INFO - Element 8 scraped.
30-06-2024 23:18:16 - main - INFO - Element 9 scraped.
30-06-2024 23:18:16 - main - INFO - Element 10 scraped.
30-06-2024 23:18:16 - main - INFO - Element 11 scraped.
30-06-2024 23:18:16 - main - INFO - Element 12 scraped.
30-06-2024 23:18:17 - main - INFO - Element 13 scraped.
30-06-2024 23:18:17 - main - INFO - Element 14 scraped.
30-06-2024 23:18:17 - main - INFO - Element 15 scraped.
30-06-2024 23:18:17 - main - INFO - Saving substances to new_substances.json
30-06-2024 23:18:17 - main - INFO - Scraping finished
30-06-2024 23:33:04 - main - INFO - Scraping started
30-06-2024 23:33:07 - main - INFO - Element 1 scraped.
30-06-2024 23:33:07 - main - INFO - Element 2 scraped.
30-06-2024 23:33:07 - main - INFO - Element 3 scraped.
30-06-2024 23:33:08 - main - INFO - Element 4 scraped.
30-06-2024 23:33:09 - main - INFO - Element 5 scraped.
30-06-2024 23:33:09 - main - INFO - Element 6 scraped.
30-06-2024 23:33:10 - main - INFO - Element 7 scraped.
30-06-2024 23:33:11 - main - INFO - Element 8 scraped.
30-06-2024 23:33:11 - main - INFO - Element 9 scraped.
30-06-2024 23:33:12 - main - INFO - Element 10 scraped.
30-06-2024 23:33:12 - main - INFO - Element 11 scraped.
30-06-2024 23:33:13 - main - INFO - Element 12 scraped.
30-06-2024 23:33:14 - main - INFO - Element 13 scraped.
30-06-2024 23:33:14 - main - INFO - Element 14 scraped.
30-06-2024 23:33:15 - main - INFO - Element 15 scraped.
30-06-2024 23:33:16 - main - INFO - Saving substances to new_substances.json
30-06-2024 23:33:16 - main - INFO - Scraping finished
30-06-2024 23:34:03 - main - INFO - Scraping started
30-06-2024 23:34:05 - main - INFO - Element 1 scraped.
30-06-2024 23:34:05 - main - INFO - Element 2 scraped.
30-06-2024 23:34:06 - main - INFO - Element 3 scraped.
30-06-2024 23:34:07 - main - INFO - Element 4 scraped.
30-06-2024 23:34:07 - main - INFO - Element 5 scraped.
30-06-2024 23:34:08 - main - INFO - Element 6 scraped.
30-06-2024 23:34:09 - main - INFO - Element 7 scraped.
30-06-2024 23:34:09 - main - INFO - Element 8 scraped.
30-06-2024 23:34:10 - main - INFO - Element 9 scraped.
30-06-2024 23:34:11 - main - INFO - Element 10 scraped.
30-06-2024 23:34:11 - main - INFO - Element 11 scraped.
30-06-2024 23:34:12 - main - INFO - Element 12 scraped.
30-06-2024 23:34:13 - main - INFO - Element 13 scraped.
30-06-2024 23:34:13 - main - INFO - Element 14 scraped.
30-06-2024 23:34:14 - main - INFO - Element 15 scraped.
30-06-2024 23:34:15 - main - INFO - Saving substances to new_substances.json
30-06-2024 23:34:15 - main - INFO - Scraping finished
30-06-2024 23:41:47 - main - INFO - Scraping started
30-06-2024 23:41:49 - main - INFO - Element 1 scraped.
30-06-2024 23:41:49 - main - INFO - Element 2 scraped.
30-06-2024 23:41:50 - main - INFO - Element 3 scraped.
30-06-2024 23:41:50 - main - INFO - Element 4 scraped.
30-06-2024 23:41:51 - main - INFO - Element 5 scraped.
30-06-2024 23:41:52 - main - INFO - Element 6 scraped.
30-06-2024 23:41:52 - main - INFO - Element 7 scraped.
30-06-2024 23:41:53 - main - INFO - Element 8 scraped.
30-06-2024 23:41:54 - main - INFO - Element 9 scraped.
30-06-2024 23:41:54 - main - INFO - Element 10 scraped.
30-06-2024 23:41:55 - main - INFO - Element 11 scraped.
30-06-2024 23:41:56 - main - INFO - Element 12 scraped.
30-06-2024 23:41:57 - main - INFO - Element 13 scraped.
30-06-2024 23:42:01 - main - INFO - Element 14 scraped.
30-06-2024 23:42:01 - main - INFO - Element 15 scraped.
30-06-2024 23:42:02 - main - INFO - Saving substances to new_substances.json
30-06-2024 23:42:02 - main - INFO - Scraping finished
